# JRE version: OpenJDK Runtime Environment (11.0.10) (build 11.0.10+0-b96-7249189)
# Java VM: OpenJDK 64-Bit Server VM (11.0.10+0-b96-7249189, mixed mode, tiered, compressed oops, g1 gc, windows-amd64)
Heap:
 garbage-first heap   total 225280K, used 157687K [0x0000000080000000, 0x0000000100000000)
  region size 1024K, 29 young (29696K), 1 survivors (1024K)
 Metaspace       used 134444K, capacity 139140K, committed 139340K, reserved 1169408K
  class space    used 16991K, capacity 18734K, committed 18764K, reserved 1048576K
GC Heap History (20 events):
Event: 1167.113 GC heap before
{Heap before GC invocations=91 (full 0):
 garbage-first heap   total 225280K, used 144199K [0x0000000080000000, 0x0000000100000000)
  region size 1024K, 11 young (11264K), 7 survivors (7168K)
 Metaspace       used 133157K, capacity 137652K, committed 138060K, reserved 1169408K
  class space    used 16911K, capacity 18567K, committed 18764K, reserved 1048576K
}
Event: 1167.176 GC heap after
{Heap after GC invocations=92 (full 0):
 garbage-first heap   total 225280K, used 140833K [0x0000000080000000, 0x0000000100000000)
  region size 1024K, 2 young (2048K), 2 survivors (2048K)
 Metaspace       used 133157K, capacity 137652K, committed 138060K, reserved 1169408K
  class space    used 16911K, capacity 18567K, committed 18764K, reserved 1048576K
}
Event: 1182.466 GC heap before
{Heap before GC invocations=92 (full 0):
 garbage-first heap   total 225280K, used 179745K [0x0000000080000000, 0x0000000100000000)
  region size 1024K, 41 young (41984K), 2 survivors (2048K)
 Metaspace       used 133250K, capacity 137668K, committed 138060K, reserved 1169408K
  class space    used 16913K, capacity 18570K, committed 18764K, reserved 1048576K
}
Event: 1182.484 GC heap after
{Heap after GC invocations=93 (full 0):
 garbage-first heap   total 225280K, used 142731K [0x0000000080000000, 0x0000000100000000)
  region size 1024K, 3 young (3072K), 3 survivors (3072K)
 Metaspace       used 133250K, capacity 137668K, committed 138060K, reserved 1169408K
  class space    used 16913K, capacity 18570K, committed 18764K, reserved 1048576K
}
Event: 1191.263 GC heap before
{Heap before GC invocations=94 (full 0):
 garbage-first heap   total 225280K, used 182667K [0x0000000080000000, 0x0000000100000000)
  region size 1024K, 43 young (44032K), 3 survivors (3072K)
 Metaspace       used 133703K, capacity 138388K, committed 138572K, reserved 1169408K
  class space    used 16979K, capacity 18692K, committed 18764K, reserved 1048576K
}
Event: 1191.277 GC heap after
{Heap after GC invocations=95 (full 0):
 garbage-first heap   total 225280K, used 145356K [0x0000000080000000, 0x0000000100000000)
  region size 1024K, 6 young (6144K), 6 survivors (6144K)
 Metaspace       used 133703K, capacity 138388K, committed 138572K, reserved 1169408K
  class space    used 16979K, capacity 18692K, committed 18764K, reserved 1048576K
}
Event: 1191.373 GC heap before
{Heap before GC invocations=95 (full 0):
 garbage-first heap   total 225280K, used 150476K [0x0000000080000000, 0x0000000100000000)
  region size 1024K, 11 young (11264K), 6 survivors (6144K)
 Metaspace       used 133713K, capacity 138400K, committed 138572K, reserved 1169408K
  class space    used 16980K, capacity 18694K, committed 18764K, reserved 1048576K
}
Event: 1191.433 GC heap after
{Heap after GC invocations=96 (full 0):
 garbage-first heap   total 225280K, used 144802K [0x0000000080000000, 0x0000000100000000)
  region size 1024K, 1 young (1024K), 1 survivors (1024K)
 Metaspace       used 133713K, capacity 138400K, committed 138572K, reserved 1169408K
  class space    used 16980K, capacity 18694K, committed 18764K, reserved 1048576K
}
Event: 1192.323 GC heap before
{Heap before GC invocations=96 (full 0):
 garbage-first heap   total 225280K, used 184738K [0x0000000080000000, 0x0000000100000000)
  region size 1024K, 41 young (41984K), 1 survivors (1024K)
 Metaspace       used 134034K, capacity 138765K, committed 139084K, reserved 1169408K
  class space    used 16986K, capacity 18699K, committed 18764K, reserved 1048576K
}
Event: 1192.334 GC heap after
{Heap after GC invocations=97 (full 0):
 garbage-first heap   total 225280K, used 144909K [0x0000000080000000, 0x0000000100000000)
  region size 1024K, 2 young (2048K), 2 survivors (2048K)
 Metaspace       used 134034K, capacity 138765K, committed 139084K, reserved 1169408K
  class space    used 16986K, capacity 18699K, committed 18764K, reserved 1048576K
}
Event: 1423.350 GC heap before
{Heap before GC invocations=98 (full 0):
 garbage-first heap   total 225280K, used 205325K [0x0000000080000000, 0x0000000100000000)
  region size 1024K, 43 young (44032K), 2 survivors (2048K)
 Metaspace       used 134137K, capacity 138807K, committed 139084K, reserved 1169408K
  class space    used 16990K, capacity 18734K, committed 18764K, reserved 1048576K
}
Event: 1423.454 GC heap after
{Heap after GC invocations=99 (full 0):
 garbage-first heap   total 225280K, used 147155K [0x0000000080000000, 0x0000000100000000)
  region size 1024K, 6 young (6144K), 6 survivors (6144K)
 Metaspace       used 134137K, capacity 138807K, committed 139084K, reserved 1169408K
  class space    used 16990K, capacity 18734K, committed 18764K, reserved 1048576K
}
Event: 1423.652 GC heap before
{Heap before GC invocations=99 (full 0):
 garbage-first heap   total 225280K, used 152275K [0x0000000080000000, 0x0000000100000000)
  region size 1024K, 11 young (11264K), 6 survivors (6144K)
 Metaspace       used 134146K, capacity 138871K, committed 139084K, reserved 1169408K
  class space    used 16990K, capacity 18734K, committed 18764K, reserved 1048576K
}
Event: 1423.908 GC heap after
{Heap after GC invocations=100 (full 0):
 garbage-first heap   total 225280K, used 135345K [0x0000000080000000, 0x0000000100000000)
  region size 1024K, 2 young (2048K), 2 survivors (2048K)
 Metaspace       used 134146K, capacity 138871K, committed 139084K, reserved 1169408K
  class space    used 16990K, capacity 18734K, committed 18764K, reserved 1048576K
}
Event: 1435.830 GC heap before
{Heap before GC invocations=100 (full 0):
 garbage-first heap   total 225280K, used 181425K [0x0000000080000000, 0x0000000100000000)
  region size 1024K, 48 young (49152K), 2 survivors (2048K)
 Metaspace       used 134210K, capacity 138939K, committed 139084K, reserved 1169408K
  class space    used 16990K, capacity 18734K, committed 18764K, reserved 1048576K
}
Event: 1436.087 GC heap after
{Heap after GC invocations=101 (full 0):
 garbage-first heap   total 225280K, used 142336K [0x0000000080000000, 0x0000000100000000)
  region size 1024K, 6 young (6144K), 6 survivors (6144K)
 Metaspace       used 134210K, capacity 138939K, committed 139084K, reserved 1169408K
  class space    used 16990K, capacity 18734K, committed 18764K, reserved 1048576K
}
Event: 1445.163 GC heap before
{Heap before GC invocations=102 (full 0):
 garbage-first heap   total 225280K, used 183296K [0x0000000080000000, 0x0000000100000000)
  region size 1024K, 49 young (50176K), 6 survivors (6144K)
 Metaspace       used 134246K, capacity 138940K, committed 139084K, reserved 1169408K
  class space    used 16990K, capacity 18734K, committed 18764K, reserved 1048576K
}
Event: 1445.215 GC heap after
{Heap after GC invocations=103 (full 0):
 garbage-first heap   total 225280K, used 145763K [0x0000000080000000, 0x0000000100000000)
  region size 1024K, 6 young (6144K), 6 survivors (6144K)
 Metaspace       used 134246K, capacity 138940K, committed 139084K, reserved 1169408K
  class space    used 16990K, capacity 18734K, committed 18764K, reserved 1048576K
}
Event: 1452.605 GC heap before
{Heap before GC invocations=103 (full 0):
 garbage-first heap   total 225280K, used 150883K [0x0000000080000000, 0x0000000100000000)
  region size 1024K, 11 young (11264K), 6 survivors (6144K)
 Metaspace       used 134250K, capacity 138940K, committed 139084K, reserved 1169408K
  class space    used 16991K, capacity 18734K, committed 18764K, reserved 1048576K
}
Event: 1452.682 GC heap after
{Heap after GC invocations=104 (full 0):
 garbage-first heap   total 225280K, used 131063K [0x0000000080000000, 0x0000000100000000)
  region size 1024K, 1 young (1024K), 1 survivors (1024K)
 Metaspace       used 134250K, capacity 138940K, committed 139084K, reserved 1169408K
  class space    used 16991K, capacity 18734K, committed 18764K, reserved 1048576K
}

