# JRE version: OpenJDK Runtime Environment (11.0.10) (build 11.0.10+0-b96-7249189)
# Java VM: OpenJDK 64-Bit Server VM (11.0.10+0-b96-7249189, mixed mode, tiered, compressed oops, g1 gc, windows-amd64)
Heap:
 garbage-first heap   total 294912K, used 155433K [0x0000000080000000, 0x0000000100000000)
  region size 1024K, 1 young (1024K), 1 survivors (1024K)
 Metaspace       used 122100K, capacity 125807K, committed 125900K, reserved 1159168K
  class space    used 15329K, capacity 16759K, committed 16844K, reserved 1048576K
GC Heap History (20 events):
Event: 49.413 GC heap after
{Heap after GC invocations=53 (full 0):
 garbage-first heap   total 225280K, used 122723K [0x0000000080000000, 0x0000000100000000)
  region size 1024K, 2 young (2048K), 2 survivors (2048K)
 Metaspace       used 111232K, capacity 114268K, committed 114380K, reserved 1148928K
  class space    used 13658K, capacity 14778K, committed 14796K, reserved 1048576K
}
Event: 49.530 GC heap before
{Heap before GC invocations=53 (full 0):
 garbage-first heap   total 225280K, used 130915K [0x0000000080000000, 0x0000000100000000)
  region size 1024K, 11 young (11264K), 2 survivors (2048K)
 Metaspace       used 111293K, capacity 114349K, committed 114380K, reserved 1148928K
  class space    used 13660K, capacity 14781K, committed 14796K, reserved 1048576K
}
Event: 49.550 GC heap after
{Heap after GC invocations=54 (full 0):
 garbage-first heap   total 225280K, used 124188K [0x0000000080000000, 0x0000000100000000)
  region size 1024K, 2 young (2048K), 2 survivors (2048K)
 Metaspace       used 111293K, capacity 114349K, committed 114380K, reserved 1148928K
  class space    used 13660K, capacity 14781K, committed 14796K, reserved 1048576K
}
Event: 50.106 GC heap before
{Heap before GC invocations=54 (full 0):
 garbage-first heap   total 225280K, used 180508K [0x0000000080000000, 0x0000000100000000)
  region size 1024K, 57 young (58368K), 2 survivors (2048K)
 Metaspace       used 111699K, capacity 114897K, committed 115020K, reserved 1148928K
  class space    used 13703K, capacity 14852K, committed 14924K, reserved 1048576K
}
Event: 50.124 GC heap after
{Heap after GC invocations=55 (full 0):
 garbage-first heap   total 225280K, used 130195K [0x0000000080000000, 0x0000000100000000)
  region size 1024K, 8 young (8192K), 8 survivors (8192K)
 Metaspace       used 111699K, capacity 114897K, committed 115020K, reserved 1148928K
  class space    used 13703K, capacity 14852K, committed 14924K, reserved 1048576K
}
Event: 50.693 GC heap before
{Heap before GC invocations=55 (full 0):
 garbage-first heap   total 225280K, used 171155K [0x0000000080000000, 0x0000000100000000)
  region size 1024K, 50 young (51200K), 8 survivors (8192K)
 Metaspace       used 112022K, capacity 115184K, committed 115276K, reserved 1148928K
  class space    used 13723K, capacity 14898K, committed 14924K, reserved 1048576K
}
Event: 50.720 GC heap after
{Heap after GC invocations=56 (full 0):
 garbage-first heap   total 225280K, used 132809K [0x0000000080000000, 0x0000000100000000)
  region size 1024K, 3 young (3072K), 3 survivors (3072K)
 Metaspace       used 112022K, capacity 115184K, committed 115276K, reserved 1148928K
  class space    used 13723K, capacity 14898K, committed 14924K, reserved 1048576K
}
Event: 51.233 GC heap before
{Heap before GC invocations=57 (full 0):
 garbage-first heap   total 225280K, used 188105K [0x0000000080000000, 0x0000000100000000)
  region size 1024K, 53 young (54272K), 3 survivors (3072K)
 Metaspace       used 112379K, capacity 115559K, committed 115916K, reserved 1150976K
  class space    used 13773K, capacity 14936K, committed 15052K, reserved 1048576K
}
Event: 51.256 GC heap after
{Heap after GC invocations=58 (full 0):
 garbage-first heap   total 225280K, used 139413K [0x0000000080000000, 0x0000000100000000)
  region size 1024K, 7 young (7168K), 7 survivors (7168K)
 Metaspace       used 112379K, capacity 115559K, committed 115916K, reserved 1150976K
  class space    used 13773K, capacity 14936K, committed 15052K, reserved 1048576K
}
Event: 51.315 GC heap before
{Heap before GC invocations=58 (full 0):
 garbage-first heap   total 225280K, used 142485K [0x0000000080000000, 0x0000000100000000)
  region size 1024K, 11 young (11264K), 7 survivors (7168K)
 Metaspace       used 112410K, capacity 115624K, committed 115916K, reserved 1150976K
  class space    used 13776K, capacity 14936K, committed 15052K, reserved 1048576K
}
Event: 51.347 GC heap after
{Heap after GC invocations=59 (full 0):
 garbage-first heap   total 225280K, used 126837K [0x0000000080000000, 0x0000000100000000)
  region size 1024K, 2 young (2048K), 2 survivors (2048K)
 Metaspace       used 112410K, capacity 115624K, committed 115916K, reserved 1150976K
  class space    used 13776K, capacity 14936K, committed 15052K, reserved 1048576K
}
Event: 51.903 GC heap before
{Heap before GC invocations=59 (full 0):
 garbage-first heap   total 225280K, used 178037K [0x0000000080000000, 0x0000000100000000)
  region size 1024K, 53 young (54272K), 2 survivors (2048K)
 Metaspace       used 115405K, capacity 118672K, committed 118860K, reserved 1153024K
  class space    used 14209K, capacity 15407K, committed 15436K, reserved 1048576K
}
Event: 51.914 GC heap after
{Heap after GC invocations=60 (full 0):
 garbage-first heap   total 225280K, used 135712K [0x0000000080000000, 0x0000000100000000)
  region size 1024K, 7 young (7168K), 7 survivors (7168K)
 Metaspace       used 115405K, capacity 118672K, committed 118860K, reserved 1153024K
  class space    used 14209K, capacity 15407K, committed 15436K, reserved 1048576K
}
Event: 52.179 GC heap before
{Heap before GC invocations=60 (full 0):
 garbage-first heap   total 225280K, used 182816K [0x0000000080000000, 0x0000000100000000)
  region size 1024K, 53 young (54272K), 7 survivors (7168K)
 Metaspace       used 116486K, capacity 119808K, committed 120140K, reserved 1153024K
  class space    used 14371K, capacity 15597K, committed 15692K, reserved 1048576K
}
Event: 52.199 GC heap after
{Heap after GC invocations=61 (full 0):
 garbage-first heap   total 225280K, used 146367K [0x0000000080000000, 0x0000000100000000)
  region size 1024K, 7 young (7168K), 7 survivors (7168K)
 Metaspace       used 116486K, capacity 119808K, committed 120140K, reserved 1153024K
  class space    used 14371K, capacity 15597K, committed 15692K, reserved 1048576K
}
Event: 52.378 GC heap before
{Heap before GC invocations=61 (full 0):
 garbage-first heap   total 225280K, used 183231K [0x0000000080000000, 0x0000000100000000)
  region size 1024K, 43 young (44032K), 7 survivors (7168K)
 Metaspace       used 117783K, capacity 121180K, committed 121420K, reserved 1155072K
  class space    used 14560K, capacity 15818K, committed 15948K, reserved 1048576K
}
Event: 52.403 GC heap after
{Heap after GC invocations=62 (full 0):
 garbage-first heap   total 225280K, used 153408K [0x0000000080000000, 0x0000000100000000)
  region size 1024K, 6 young (6144K), 6 survivors (6144K)
 Metaspace       used 117783K, capacity 121180K, committed 121420K, reserved 1155072K
  class space    used 14560K, capacity 15818K, committed 15948K, reserved 1048576K
}
Event: 53.005 GC heap before
{Heap before GC invocations=63 (full 0):
 garbage-first heap   total 225280K, used 186176K [0x0000000080000000, 0x0000000100000000)
  region size 1024K, 38 young (38912K), 6 survivors (6144K)
 Metaspace       used 121661K, capacity 125312K, committed 125516K, reserved 1159168K
  class space    used 15260K, capacity 16683K, committed 16716K, reserved 1048576K
}
Event: 53.036 GC heap after
{Heap after GC invocations=64 (full 0):
 garbage-first heap   total 225280K, used 157578K [0x0000000080000000, 0x0000000100000000)
  region size 1024K, 4 young (4096K), 4 survivors (4096K)
 Metaspace       used 121661K, capacity 125312K, committed 125516K, reserved 1159168K
  class space    used 15260K, capacity 16683K, committed 16716K, reserved 1048576K
}
Event: 53.147 GC heap before
{Heap before GC invocations=64 (full 0):
 garbage-first heap   total 225280K, used 164746K [0x0000000080000000, 0x0000000100000000)
  region size 1024K, 11 young (11264K), 4 survivors (4096K)
 Metaspace       used 122100K, capacity 125807K, committed 125900K, reserved 1159168K
  class space    used 15329K, capacity 16759K, committed 16844K, reserved 1048576K
}

